<?xml version="1.0" encoding="UTF-8"?>
<robot generator="Robot 6.0.2 (Python 3.10.2 on win32)" generated="20230426 18:58:33.168" rpa="false" schemaversion="3">
<suite id="s1" name="Monkey" source="C:\Users\66956\OneDrive\เดสก์ท็อป\junior\robotse\monkeyrobot\testcases\monkey.robot">
<test id="s1-t1" name="Verify correct email and password" line="94">
<kw name="Open browser monkeydcar login form" library="monekypage">
<kw name="Open Browser" library="SeleniumLibrary">
<arg>${WEB_URL}</arg>
<arg>${WEB_BROWSER}</arg>
<doc>Opens a new browser instance to the optional ``url``.</doc>
<msg timestamp="20230426 18:58:33.583" level="INFO">Opening browser 'chrome' to base url 'https://monkeydcar.website/signin'.</msg>
<status status="PASS" starttime="20230426 18:58:33.582" endtime="20230426 18:58:37.070"/>
</kw>
<kw name="Maximize Browser Window" library="SeleniumLibrary">
<doc>Maximizes current browser window.</doc>
<status status="PASS" starttime="20230426 18:58:37.070" endtime="20230426 18:58:37.217"/>
</kw>
<kw name="Sleep" library="BuiltIn">
<arg>1</arg>
<doc>Pauses the test executed for the given time.</doc>
<msg timestamp="20230426 18:58:38.224" level="INFO">Slept 1 second</msg>
<status status="PASS" starttime="20230426 18:58:37.218" endtime="20230426 18:58:38.224"/>
</kw>
<status status="PASS" starttime="20230426 18:58:33.581" endtime="20230426 18:58:38.224"/>
</kw>
<kw name="Input correct email and verify" library="monekypage">
<kw name="Input Text" library="SeleniumLibrary">
<arg>//*[@id='email']</arg>
<arg>${email_correct}</arg>
<doc>Types the given ``text`` into the text field identified by ``locator``.</doc>
<msg timestamp="20230426 18:58:38.227" level="INFO">Typing text 'jenny.kim@gmail.com' into text field '//*[@id='email']'.</msg>
<status status="PASS" starttime="20230426 18:58:38.225" endtime="20230426 18:58:38.369"/>
</kw>
<kw name="Get Value" library="SeleniumLibrary">
<var>${email}</var>
<arg>//*[@id='email']</arg>
<doc>Returns the value attribute of the element identified by ``locator``.</doc>
<msg timestamp="20230426 18:58:38.393" level="INFO">${email} = jenny.kim@gmail.com</msg>
<status status="PASS" starttime="20230426 18:58:38.369" endtime="20230426 18:58:38.393"/>
</kw>
<kw name="Should Be Equal" library="BuiltIn">
<arg>${email}</arg>
<arg>${email_correct}</arg>
<doc>Fails if the given objects are unequal.</doc>
<status status="PASS" starttime="20230426 18:58:38.393" endtime="20230426 18:58:38.393"/>
</kw>
<status status="PASS" starttime="20230426 18:58:38.225" endtime="20230426 18:58:38.394"/>
</kw>
<kw name="Input correct password and verify" library="monekypage">
<kw name="Input Text" library="SeleniumLibrary">
<arg>//*[@id='password']</arg>
<arg>${password_correct}</arg>
<doc>Types the given ``text`` into the text field identified by ``locator``.</doc>
<msg timestamp="20230426 18:58:38.395" level="INFO">Typing text 'earth' into text field '//*[@id='password']'.</msg>
<status status="PASS" starttime="20230426 18:58:38.395" endtime="20230426 18:58:38.485"/>
</kw>
<kw name="Get Value" library="SeleniumLibrary">
<var>${password}</var>
<arg>//*[@id='password']</arg>
<doc>Returns the value attribute of the element identified by ``locator``.</doc>
<msg timestamp="20230426 18:58:38.507" level="INFO">${password} = earth</msg>
<status status="PASS" starttime="20230426 18:58:38.486" endtime="20230426 18:58:38.507"/>
</kw>
<kw name="Should Be Equal" library="BuiltIn">
<arg>${password}</arg>
<arg>${password_correct}</arg>
<doc>Fails if the given objects are unequal.</doc>
<status status="PASS" starttime="20230426 18:58:38.507" endtime="20230426 18:58:38.507"/>
</kw>
<status status="PASS" starttime="20230426 18:58:38.394" endtime="20230426 18:58:38.507"/>
</kw>
<kw name="Slow submit" library="monekypage">
<kw name="Click Element" library="SeleniumLibrary">
<arg>//button[@type='submit']</arg>
<doc>Click the element identified by ``locator``.</doc>
<msg timestamp="20230426 18:58:38.509" level="INFO">Clicking element '//button[@type='submit']'.</msg>
<status status="PASS" starttime="20230426 18:58:38.509" endtime="20230426 18:58:38.561"/>
</kw>
<kw name="Sleep" library="BuiltIn">
<arg>3</arg>
<doc>Pauses the test executed for the given time.</doc>
<msg timestamp="20230426 18:58:41.576" level="INFO">Slept 3 seconds</msg>
<status status="PASS" starttime="20230426 18:58:38.561" endtime="20230426 18:58:41.576"/>
</kw>
<status status="PASS" starttime="20230426 18:58:38.508" endtime="20230426 18:58:41.576"/>
</kw>
<kw name="Check login success" library="monekypage">
<kw name="Page Should Contain Element" library="SeleniumLibrary">
<arg>//div[@class='profile']</arg>
<doc>Verifies that element ``locator`` is found on the current page.</doc>
<msg timestamp="20230426 18:58:41.592" level="INFO">Current page contains element '//div[@class='profile']'.</msg>
<status status="PASS" starttime="20230426 18:58:41.577" endtime="20230426 18:58:41.592"/>
</kw>
<status status="PASS" starttime="20230426 18:58:41.577" endtime="20230426 18:58:41.592"/>
</kw>
<kw name="Reload Page" library="SeleniumLibrary">
<doc>Simulates user reloading page.</doc>
<status status="PASS" starttime="20230426 18:58:41.593" endtime="20230426 18:58:41.845"/>
</kw>
<kw name="Close Browser" library="SeleniumLibrary">
<doc>Closes the current browser.</doc>
<status status="PASS" starttime="20230426 18:58:41.846" endtime="20230426 18:58:44.230"/>
</kw>
<tag>correct email and password</tag>
<status status="PASS" starttime="20230426 18:58:33.580" endtime="20230426 18:58:44.231"/>
</test>
<status status="PASS" starttime="20230426 18:58:33.171" endtime="20230426 18:58:44.233"/>
</suite>
<statistics>
<total>
<stat pass="1" fail="0" skip="0">All Tests</stat>
</total>
<tag>
<stat pass="1" fail="0" skip="0">correct email and password</stat>
</tag>
<suite>
<stat pass="1" fail="0" skip="0" id="s1" name="Monkey">Monkey</stat>
</suite>
</statistics>
<errors>
</errors>
</robot>
